<?xml version="1.0" encoding="UTF-8"?>
<testng-results ignored="0" total="3" passed="3" failed="0" skipped="0">
  <reporter-output>
  </reporter-output>
  <suite started-at="2023-09-20T13:51:40 IST" name="Suite" finished-at="2023-09-20T13:51:55 IST" duration-ms="15176">
    <groups>
    </groups>
    <test started-at="2023-09-20T13:51:40 IST" name="Chrome Test" finished-at="2023-09-20T13:51:50 IST" duration-ms="10439">
      <class name="crossbrowsing.parameter">
        <test-method is-config="true" signature="beforeTest(java.lang.String)[pri:0, instance:crossbrowsing.parameter@3d285d7e]" started-at="2023-09-20T13:51:40 IST" name="beforeTest" finished-at="2023-09-20T13:51:49 IST" duration-ms="9035" status="PASS">
          <params>
            <param index="0">
              <value>
                <![CDATA[chrome]]>
              </value>
            </param>
          </params>
          <reporter-output>
          </reporter-output>
        </test-method> <!-- beforeTest -->
        <test-method signature="f()[pri:0, instance:crossbrowsing.parameter@3d285d7e]" started-at="2023-09-20T13:51:49 IST" name="f" finished-at="2023-09-20T13:51:50 IST" duration-ms="1286" status="PASS">
          <reporter-output>
          </reporter-output>
        </test-method> <!-- f -->
        <test-method is-config="true" signature="afterTest()[pri:0, instance:crossbrowsing.parameter@3d285d7e]" started-at="2023-09-20T13:51:50 IST" name="afterTest" finished-at="2023-09-20T13:51:50 IST" duration-ms="1" status="PASS">
          <reporter-output>
          </reporter-output>
        </test-method> <!-- afterTest -->
      </class> <!-- crossbrowsing.parameter -->
    </test> <!-- Chrome Test -->
    <test started-at="2023-09-20T13:51:40 IST" name="Edge Test" finished-at="2023-09-20T13:51:55 IST" duration-ms="15095">
      <class name="crossbrowsing.parameter">
        <test-method is-config="true" signature="beforeTest(java.lang.String)[pri:0, instance:crossbrowsing.parameter@2cd76f31]" started-at="2023-09-20T13:51:40 IST" name="beforeTest" finished-at="2023-09-20T13:51:51 IST" duration-ms="10927" status="PASS">
          <params>
            <param index="0">
              <value>
                <![CDATA[edge]]>
              </value>
            </param>
          </params>
          <reporter-output>
          </reporter-output>
        </test-method> <!-- beforeTest -->
        <test-method signature="f()[pri:0, instance:crossbrowsing.parameter@2cd76f31]" started-at="2023-09-20T13:51:51 IST" name="f" finished-at="2023-09-20T13:51:55 IST" duration-ms="4149" status="PASS">
          <reporter-output>
          </reporter-output>
        </test-method> <!-- f -->
        <test-method is-config="true" signature="afterTest()[pri:0, instance:crossbrowsing.parameter@2cd76f31]" started-at="2023-09-20T13:51:55 IST" name="afterTest" finished-at="2023-09-20T13:51:55 IST" duration-ms="1" status="PASS">
          <reporter-output>
          </reporter-output>
        </test-method> <!-- afterTest -->
      </class> <!-- crossbrowsing.parameter -->
    </test> <!-- Edge Test -->
    <test started-at="2023-09-20T13:51:40 IST" name="Firefox Test" finished-at="2023-09-20T13:51:55 IST" duration-ms="15176">
      <class name="crossbrowsing.parameter">
        <test-method is-config="true" signature="beforeTest(java.lang.String)[pri:0, instance:crossbrowsing.parameter@34e9fd99]" started-at="2023-09-20T13:51:40 IST" name="beforeTest" finished-at="2023-09-20T13:51:53 IST" duration-ms="13525" status="PASS">
          <params>
            <param index="0">
              <value>
                <![CDATA[firefox]]>
              </value>
            </param>
          </params>
          <reporter-output>
          </reporter-output>
        </test-method> <!-- beforeTest -->
        <test-method signature="f()[pri:0, instance:crossbrowsing.parameter@34e9fd99]" started-at="2023-09-20T13:51:53 IST" name="f" finished-at="2023-09-20T13:51:55 IST" duration-ms="1636" status="PASS">
          <reporter-output>
          </reporter-output>
        </test-method> <!-- f -->
        <test-method is-config="true" signature="afterTest()[pri:0, instance:crossbrowsing.parameter@34e9fd99]" started-at="2023-09-20T13:51:55 IST" name="afterTest" finished-at="2023-09-20T13:51:55 IST" duration-ms="0" status="PASS">
          <reporter-output>
          </reporter-output>
        </test-method> <!-- afterTest -->
      </class> <!-- crossbrowsing.parameter -->
    </test> <!-- Firefox Test -->
  </suite> <!-- Suite -->
</testng-results>
